\BOOKMARK [1][-]{section*.2}{\376\377\000I\000n\000t\000r\000o\000d\000u\000c\000t\000i\000o\000n}{}% 1
\BOOKMARK [1][-]{section*.3}{\376\377\000M\000e\000t\000h\000o\000d\000s}{}% 2
\BOOKMARK [2][-]{section*.4}{\376\377\000O\000b\000s\000e\000r\000v\000a\000t\000i\000o\000n\000\040\000d\000a\000t\000a}{section*.3}% 3
\BOOKMARK [3][-]{section*.5}{\376\377\000W\000h\000o\000l\000e\000\040\000f\000a\000m\000i\000l\000y\000\040\000t\000r\000a\000c\000k\000i\000n\000g}{section*.4}% 4
\BOOKMARK [3][-]{section*.8}{\376\377\000S\000u\000p\000p\000l\000e\000m\000e\000n\000t\000a\000r\000y\000\040\000d\000a\000t\000a}{section*.4}% 5
\BOOKMARK [3][-]{section*.9}{\376\377\000A\000n\000a\000l\000y\000s\000e\000s}{section*.4}% 6
\BOOKMARK [1][-]{section*.10}{\376\377\000R\000e\000s\000u\000l\000t\000s}{}% 7
\BOOKMARK [2][-]{section*.11}{\376\377\000D\000a\000t\000a\000\040\000f\000i\000l\000t\000e\000r\000i\000n\000g}{section*.10}% 8
\BOOKMARK [3][-]{section*.12}{\376\377\000J\000u\000v\000e\000n\000i\000l\000e\000s\000\040\000a\000n\000d\000\040\000w\000i\000n\000t\000e\000r\000i\000n\000g\000\040\000s\000i\000t\000e\000\040\000c\000h\000o\000i\000c\000e}{section*.11}% 9
\BOOKMARK [3][-]{section*.14}{\376\377\000F\000a\000m\000i\000l\000y\000\040\000s\000i\000z\000e\000\040\000i\000n\000\040\000w\000i\000n\000t\000e\000r}{section*.11}% 10
\BOOKMARK [3][-]{section*.18}{\376\377\000F\000a\000m\000i\000l\000y\000\040\000s\000i\000z\000e\000\040\000a\000n\000d\000\040\000a\000u\000t\000u\000m\000n\000\040\000m\000i\000g\000r\000a\000t\000i\000o\000n}{section*.11}% 11
\BOOKMARK [3][-]{section*.19}{\376\377\000F\000l\000o\000c\000k\000\040\000s\000i\000z\000e\000\040\000i\000n\000\040\000w\000i\000n\000t\000e\000r}{section*.11}% 12
\BOOKMARK [3][-]{section*.20}{\376\377\000P\000r\000o\000b\000a\000b\000i\000l\000i\000t\000y\000\040\000o\000f\000\040\000f\000a\000m\000i\000l\000y\000\040\000s\000p\000l\000i\000t\000s}{section*.11}% 13
\BOOKMARK [1][-]{section*.22}{\376\377\000D\000i\000s\000c\000u\000s\000s\000i\000o\000n}{}% 14
\BOOKMARK [1][-]{section*.23}{\376\377\000R\000e\000f\000e\000r\000e\000n\000c\000e\000s}{}% 15
\BOOKMARK [1][-]{section*.24}{\376\377\000A\000p\000p\000e\000n\000d\000i\000x\000\040\0001}{}% 16
\BOOKMARK [2][-]{section*.25}{\376\377\000D\000a\000t\000a\000\040\000d\000e\000s\000c\000r\000i\000p\000t\000i\000o\000n}{section*.24}% 17
\BOOKMARK [1][-]{section*.28}{\376\377\000A\000p\000p\000e\000n\000d\000i\000x\000\040\0002}{}% 18
\BOOKMARK [2][-]{section*.29}{\376\377\000M\000o\000d\000e\000l\000\040\000s\000u\000m\000m\000a\000r\000i\000e\000s}{section*.28}% 19
\BOOKMARK [1][-]{section*.32}{\376\377\000A\000p\000p\000e\000n\000d\000i\000x\000\040\0003}{}% 20
\BOOKMARK [2][-]{section*.33}{\376\377\000A\000d\000d\000i\000t\000i\000o\000n\000a\000l\000\040\000f\000i\000g\000u\000r\000e\000s}{section*.32}% 21
